[2025-01-20 12:42:10,276: INFO: common: yaml file: config\config.yaml loaded successfully]
[2025-01-20 12:42:10,285: INFO: common: yaml file: params.yaml loaded successfully]
[2025-01-20 12:42:10,286: INFO: common: created directory at: artifacts]
[2025-01-20 12:42:10,287: INFO: common: created directory at: artifacts/data_ingestion]
[2025-01-20 12:42:11,165: INFO: 4259777762: artifacts/data_ingestion/data.zip downloaded, with the folowing info: 
Connection: close
Content-Length: 7903594
Cache-Control: max-age=300
Content-Security-Policy: default-src 'none'; style-src 'unsafe-inline'; sandbox
Content-Type: application/zip
ETag: "dbc016a060da18070593b83afff580c9b300f0b6ea4147a7988433e04df246ca"
Strict-Transport-Security: max-age=31536000
X-Content-Type-Options: nosniff
X-Frame-Options: deny
X-XSS-Protection: 1; mode=block
X-GitHub-Request-Id: 27FC:6EE7:1EC6:27D6:678E8AF1
Accept-Ranges: bytes
Date: Mon, 20 Jan 2025 17:42:09 GMT
Via: 1.1 varnish
X-Served-By: cache-ewr-kewr1740073-EWR
X-Cache: MISS
X-Cache-Hits: 0
X-Timer: S1737394930.683336,VS0,VE113
Vary: Authorization,Accept-Encoding,Origin
Access-Control-Allow-Origin: *
Cross-Origin-Resource-Policy: cross-origin
X-Fastly-Request-ID: d51e90f59c66473aa9b73101b19091f7f8c11028
Expires: Mon, 20 Jan 2025 17:47:09 GMT
Source-Age: 0

]
[2025-01-21 08:50:05,309: INFO: common: yaml file: config\config.yaml loaded successfully]
[2025-01-21 08:50:05,322: INFO: common: yaml file: params.yaml loaded successfully]
[2025-01-21 08:50:05,323: INFO: common: created directory at: artifacts]
[2025-01-21 08:50:05,325: INFO: common: created directory at: artifacts/data_validation]
[2025-01-21 08:51:16,100: INFO: common: yaml file: config\config.yaml loaded successfully]
[2025-01-21 08:51:16,102: INFO: common: yaml file: params.yaml loaded successfully]
[2025-01-21 08:51:16,103: INFO: common: created directory at: artifacts]
[2025-01-21 08:51:16,105: INFO: common: created directory at: artifacts/data_validation]
[2025-01-21 13:29:08,982: INFO: config: PyTorch version 2.5.1+cu118 available.]
[2025-01-21 13:29:08,986: INFO: config: TensorFlow version 2.18.0 available.]
[2025-01-21 13:47:43,417: INFO: common: yaml file: config\config.yaml loaded successfully]
[2025-01-21 13:47:43,427: INFO: common: yaml file: params.yaml loaded successfully]
[2025-01-21 13:47:43,429: INFO: common: created directory at: artifacts]
[2025-01-21 13:47:43,431: INFO: common: created directory at: artifacts/data_transformation]
[2025-01-21 13:48:21,688: INFO: config: PyTorch version 2.5.1+cu118 available.]
[2025-01-21 13:48:21,692: INFO: config: TensorFlow version 2.18.0 available.]
[2025-01-21 13:48:22,706: INFO: common: yaml file: config\config.yaml loaded successfully]
[2025-01-21 13:48:22,707: INFO: common: yaml file: params.yaml loaded successfully]
[2025-01-21 13:48:22,708: INFO: common: created directory at: artifacts]
[2025-01-21 13:48:22,709: INFO: common: created directory at: artifacts/data_transformation]
[2025-01-21 13:49:03,455: INFO: config: PyTorch version 2.5.1+cu118 available.]
[2025-01-21 13:49:03,458: INFO: config: TensorFlow version 2.18.0 available.]
[2025-01-21 13:49:03,756: INFO: common: yaml file: config\config.yaml loaded successfully]
[2025-01-21 13:49:03,758: INFO: common: yaml file: params.yaml loaded successfully]
[2025-01-21 13:49:03,759: INFO: common: created directory at: artifacts]
[2025-01-21 13:49:03,759: INFO: common: created directory at: artifacts/data_transformation]
[2025-01-22 10:03:27,462: WARNING: module_wrapper: From c:\Projects\python\mainenv\Lib\site-packages\tf_keras\src\losses.py:2976: The name tf.losses.sparse_softmax_cross_entropy is deprecated. Please use tf.compat.v1.losses.sparse_softmax_cross_entropy instead.
]
[2025-01-22 10:03:27,955: INFO: config: PyTorch version 2.5.1+cu118 available.]
[2025-01-22 10:03:27,958: INFO: config: TensorFlow version 2.18.0 available.]
[2025-01-23 10:36:18,920: WARNING: module_wrapper: From c:\Projects\python\mainenv\Lib\site-packages\tf_keras\src\losses.py:2976: The name tf.losses.sparse_softmax_cross_entropy is deprecated. Please use tf.compat.v1.losses.sparse_softmax_cross_entropy instead.
]
[2025-01-23 10:36:19,899: INFO: config: PyTorch version 2.5.1+cu118 available.]
[2025-01-23 10:36:19,904: INFO: config: TensorFlow version 2.18.0 available.]
[2025-01-23 10:36:21,197: INFO: common: yaml file: config\config.yaml loaded successfully]
[2025-01-23 10:36:21,211: INFO: common: yaml file: params.yaml loaded successfully]
[2025-01-23 10:36:21,212: INFO: common: created directory at: artifacts]
[2025-01-23 10:37:05,495: WARNING: module_wrapper: From c:\Projects\python\mainenv\Lib\site-packages\tf_keras\src\losses.py:2976: The name tf.losses.sparse_softmax_cross_entropy is deprecated. Please use tf.compat.v1.losses.sparse_softmax_cross_entropy instead.
]
[2025-01-23 10:37:05,998: INFO: config: PyTorch version 2.5.1+cu118 available.]
[2025-01-23 10:37:06,001: INFO: config: TensorFlow version 2.18.0 available.]
[2025-01-23 10:37:06,249: INFO: common: yaml file: config\config.yaml loaded successfully]
[2025-01-23 10:37:06,251: INFO: common: yaml file: params.yaml loaded successfully]
[2025-01-23 10:37:06,252: INFO: common: created directory at: artifacts]
[2025-01-23 10:37:06,253: INFO: common: created directory at: artifacts/model]
[2025-01-23 10:38:06,705: WARNING: module_wrapper: From c:\Projects\python\mainenv\Lib\site-packages\tf_keras\src\losses.py:2976: The name tf.losses.sparse_softmax_cross_entropy is deprecated. Please use tf.compat.v1.losses.sparse_softmax_cross_entropy instead.
]
[2025-01-23 10:38:07,196: INFO: config: PyTorch version 2.5.1+cu118 available.]
[2025-01-23 10:38:07,199: INFO: config: TensorFlow version 2.18.0 available.]
[2025-01-23 10:38:07,448: INFO: common: yaml file: config\config.yaml loaded successfully]
[2025-01-23 10:38:07,459: INFO: common: yaml file: params.yaml loaded successfully]
[2025-01-23 10:38:07,460: INFO: common: created directory at: artifacts]
[2025-01-23 10:38:07,461: INFO: common: created directory at: artifacts/model]
[2025-01-23 10:38:38,130: WARNING: module_wrapper: From c:\Projects\python\mainenv\Lib\site-packages\tf_keras\src\losses.py:2976: The name tf.losses.sparse_softmax_cross_entropy is deprecated. Please use tf.compat.v1.losses.sparse_softmax_cross_entropy instead.
]
[2025-01-23 10:38:38,620: INFO: config: PyTorch version 2.5.1+cu118 available.]
[2025-01-23 10:38:38,623: INFO: config: TensorFlow version 2.18.0 available.]
[2025-01-23 10:38:38,861: INFO: common: yaml file: config\config.yaml loaded successfully]
[2025-01-23 10:38:38,873: INFO: common: yaml file: params.yaml loaded successfully]
[2025-01-23 10:38:38,874: INFO: common: created directory at: artifacts]
[2025-01-23 10:38:38,875: INFO: common: created directory at: artifacts/model]
[2025-01-23 10:40:14,678: WARNING: module_wrapper: From c:\Projects\python\mainenv\Lib\site-packages\tf_keras\src\losses.py:2976: The name tf.losses.sparse_softmax_cross_entropy is deprecated. Please use tf.compat.v1.losses.sparse_softmax_cross_entropy instead.
]
[2025-01-23 10:40:15,173: INFO: config: PyTorch version 2.5.1+cu118 available.]
[2025-01-23 10:40:15,175: INFO: config: TensorFlow version 2.18.0 available.]
[2025-01-23 10:40:15,417: INFO: common: yaml file: config\config.yaml loaded successfully]
[2025-01-23 10:40:15,419: INFO: common: yaml file: params.yaml loaded successfully]
[2025-01-23 10:40:15,420: INFO: common: created directory at: artifacts]
[2025-01-23 10:40:15,421: INFO: common: created directory at: artifacts/model]
[2025-01-23 10:42:30,013: WARNING: module_wrapper: From c:\Projects\python\mainenv\Lib\site-packages\tf_keras\src\losses.py:2976: The name tf.losses.sparse_softmax_cross_entropy is deprecated. Please use tf.compat.v1.losses.sparse_softmax_cross_entropy instead.
]
[2025-01-23 10:42:30,601: INFO: config: PyTorch version 2.5.1+cu118 available.]
[2025-01-23 10:42:30,603: INFO: config: TensorFlow version 2.18.0 available.]
[2025-01-23 10:42:30,931: INFO: common: yaml file: config\config.yaml loaded successfully]
[2025-01-23 10:42:30,933: INFO: common: yaml file: params.yaml loaded successfully]
[2025-01-23 10:42:30,934: INFO: common: created directory at: artifacts]
[2025-01-23 10:42:30,935: INFO: common: created directory at: artifacts/model]
[2025-01-23 10:43:37,472: WARNING: module_wrapper: From c:\Projects\python\mainenv\Lib\site-packages\tf_keras\src\losses.py:2976: The name tf.losses.sparse_softmax_cross_entropy is deprecated. Please use tf.compat.v1.losses.sparse_softmax_cross_entropy instead.
]
[2025-01-23 10:43:38,091: INFO: config: PyTorch version 2.5.1+cu118 available.]
[2025-01-23 10:43:38,094: INFO: config: TensorFlow version 2.18.0 available.]
[2025-01-23 10:43:38,507: INFO: common: yaml file: config\config.yaml loaded successfully]
[2025-01-23 10:43:38,516: INFO: common: yaml file: params.yaml loaded successfully]
[2025-01-23 10:43:38,518: INFO: common: created directory at: artifacts]
[2025-01-23 10:43:38,519: INFO: common: created directory at: artifacts/model]
